<?xml version="1.0" encoding="UTF-8"?>
<!-- Generated by org.testng.reporters.JUnitXMLReporter -->
<testsuite ignored="0" hostname="LAPTOP-9QIR5HDE" failures="0" tests="2" name="Default test" time="53.701" errors="0" timestamp="2024-12-24T14:15:51 CET">
  <testcase classname="io.cucumber.testng.AbstractTestNGCucumberTests" name="runScenario" time="27.573"/>
  <testcase classname="io.cucumber.testng.AbstractTestNGCucumberTests" name="runScenario" time="25.677"/>
</testsuite> <!-- Default test -->
